2019-09-06 17:15:24,235 INFO     Job started for command "delete_recordings" with arguments:
2019-09-06 17:15:24,235 INFO         {
2019-09-06 17:15:24,235 INFO             "stations": [
2019-09-06 17:15:24,235 INFO                 "1"
2019-09-06 17:15:24,235 INFO             ],
2019-09-06 17:15:24,235 INFO             "start_date": "2018-01-01",
2019-09-06 17:15:24,235 INFO             "end_date": "2019-10-01"
2019-09-06 17:15:24,235 INFO         }
2019-09-06 17:15:24,276 INFO     Deleting recording "1 / PC Recorder 1 / start 2019-08-08 16:35:37+00:00 / duration 0.006 h"...
2019-09-06 17:15:24,297 INFO     Deleting recording "1 / PC Recorder 1 / start 2019-08-08 16:38:03+00:00 / duration 0.003 h"...
2019-09-06 17:15:24,333 INFO     Deleting recording "1 / PC Recorder 1 / start 2019-08-08 16:40:02+00:00 / duration 0.001 h"...
2019-09-06 17:15:24,342 INFO     Deleting recording "1 / PC Recorder 1 / start 2019-08-09 00:00:00+00:00 / duration 10.000 h"...
2019-09-06 17:15:24,352 INFO     Deleting recording "1 / PC Recorder 1 / start 2019-08-10 00:30:00+00:00 / duration 9.000 h"...
2019-09-06 17:15:24,360 INFO     Deleting recording "1 / PC Recorder 1 / start 2019-08-11 00:30:00+00:00 / duration 9.000 h"...
2019-09-06 17:15:24,368 INFO     Deleting recording "1 / PC Recorder 1 / start 2019-08-12 00:30:00+00:00 / duration 8.999 h"...
2019-09-06 17:15:24,375 INFO     Deleting recording "1 / PC Recorder 1 / start 2019-08-13 00:30:00+00:00 / duration 8.999 h"...
2019-09-06 17:15:24,384 INFO     Deleting recording "1 / PC Recorder 1 / start 2019-08-20 12:42:38+00:00 / duration 0.003 h"...
2019-09-06 17:15:24,395 INFO     Deleting recording "1 / PC Recorder 1 / start 2019-08-21 00:30:00+00:00 / duration 9.000 h"...
2019-09-06 17:15:24,403 INFO     Deleting recording "1 / PC Recorder 1 / start 2019-08-22 00:30:00+00:00 / duration 9.000 h"...
2019-09-06 17:15:24,411 INFO     Deleting recording "1 / PC Recorder 1 / start 2019-08-23 00:30:00+00:00 / duration 9.000 h"...
2019-09-06 17:15:24,423 INFO     Deleting recording "1 / PC Recorder 1 / start 2019-08-24 00:30:00+00:00 / duration 9.000 h"...
2019-09-06 17:15:24,431 INFO     Deleting recording "1 / PC Recorder 1 / start 2019-08-25 00:30:00+00:00 / duration 8.999 h"...
2019-09-06 17:15:24,439 INFO     Deleting recording "1 / PC Recorder 1 / start 2019-08-26 00:30:00+00:00 / duration 9.000 h"...
2019-09-06 17:15:24,447 INFO     Deleting recording "1 / PC Recorder 1 / start 2019-08-31 00:30:00+00:00 / duration 8.999 h"...
2019-09-06 17:15:24,456 INFO     Deleting recording "1 / PC Recorder 1 / start 2019-09-01 00:30:00+00:00 / duration 8.999 h"...
2019-09-06 17:15:24,463 INFO     Deleting recording "1 / PC Recorder 1 / start 2019-09-02 00:30:00+00:00 / duration 8.999 h"...
2019-09-06 17:15:24,476 INFO     Deleting recording "1 / PC Recorder 1 / start 2019-09-03 00:30:00+00:00 / duration 8.999 h"...
2019-09-06 17:15:24,485 INFO     Deleting recording "1 / PC Recorder 1 / start 2019-09-04 00:30:00+00:00 / duration 8.999 h"...
2019-09-06 17:15:24,493 INFO     Deleting recording "1 / PC Recorder 1 / start 2019-09-05 00:30:00+00:00 / duration 8.999 h"...
2019-09-06 17:15:24,503 INFO     Deleting recording "1 / PC Recorder 1 / start 2019-09-06 00:30:00+00:00 / duration 8.999 h"...
2019-09-06 17:15:24,513 INFO     Job complete.
