2019-09-06 16:49:03,170 INFO     Job started for command "import" with arguments:
2019-09-06 16:49:03,170 INFO         {
2019-09-06 16:49:03,171 INFO             "importer": {
2019-09-06 16:49:03,171 INFO                 "name": "Recording Importer",
2019-09-06 16:49:03,171 INFO                 "arguments": {
2019-09-06 16:49:03,172 INFO                     "paths": [
2019-09-06 16:49:03,173 INFO                         "/Volumes/Ultan/NBNC_Archive/Recordings"
2019-09-06 16:49:03,173 INFO                     ],
2019-09-06 16:49:03,173 INFO                     "recursive": true,
2019-09-06 16:49:03,173 INFO                     "recording_file_parser": {
2019-09-06 16:49:03,173 INFO                         "name": "MPG Ranch Recording File Parser",
2019-09-06 16:49:03,173 INFO                         "arguments": {
2019-09-06 16:49:03,173 INFO                             "station_name_aliases_preset": "Station Name Aliases"
2019-09-06 16:49:03,173 INFO                         }
2019-09-06 16:49:03,173 INFO                     }
2019-09-06 16:49:03,173 INFO                 }
2019-09-06 16:49:03,173 INFO             }
2019-09-06 16:49:03,173 INFO         }
2019-09-06 16:49:03,362 INFO     Found 22 new recordings and 0 old recordings at the specified paths.
2019-09-06 16:49:03,362 INFO     The new recordings will be imported.
2019-09-06 16:49:03,431 INFO     Imported recording 1 / PC Recorder 1 / start 2019-08-08 16:35:37+00:00 / duration 0.006 h with files:
2019-09-06 16:49:03,431 INFO         1_2019-08-08_16.35.37_Z.wav
2019-09-06 16:49:03,431 INFO     Imported recording 1 / PC Recorder 1 / start 2019-08-08 16:38:03+00:00 / duration 0.003 h with files:
2019-09-06 16:49:03,431 INFO         1_2019-08-08_16.38.03_Z.wav
2019-09-06 16:49:03,431 INFO     Imported recording 1 / PC Recorder 1 / start 2019-08-08 16:40:02+00:00 / duration 0.001 h with files:
2019-09-06 16:49:03,431 INFO         1_2019-08-08_16.40.02_Z.wav
2019-09-06 16:49:03,431 INFO     Imported recording 1 / PC Recorder 1 / start 2019-08-09 00:00:00+00:00 / duration 10.000 h with files:
2019-09-06 16:49:03,431 INFO         1_2019-08-09_00.00.00_Z.wav
2019-09-06 16:49:03,431 INFO     Imported recording 1 / PC Recorder 1 / start 2019-08-10 00:30:00+00:00 / duration 9.000 h with files:
2019-09-06 16:49:03,431 INFO         1_2019-08-10_00.30.00_Z.wav
2019-09-06 16:49:03,431 INFO     Imported recording 1 / PC Recorder 1 / start 2019-08-11 00:30:00+00:00 / duration 9.000 h with files:
2019-09-06 16:49:03,431 INFO         1_2019-08-11_00.30.00_Z.wav
2019-09-06 16:49:03,431 INFO     Imported recording 1 / PC Recorder 1 / start 2019-08-12 00:30:00+00:00 / duration 8.999 h with files:
2019-09-06 16:49:03,432 INFO         1_2019-08-12_00.30.00_Z.wav
2019-09-06 16:49:03,432 INFO     Imported recording 1 / PC Recorder 1 / start 2019-08-13 00:30:00+00:00 / duration 8.999 h with files:
2019-09-06 16:49:03,432 INFO         1_2019-08-13_00.30.00_Z.wav
2019-09-06 16:49:03,432 INFO     Imported recording 1 / PC Recorder 1 / start 2019-08-20 12:42:38+00:00 / duration 0.003 h with files:
2019-09-06 16:49:03,432 INFO         1_2019-08-20_12.42.38_Z.wav
2019-09-06 16:49:03,432 INFO     Imported recording 1 / PC Recorder 1 / start 2019-08-21 00:30:00+00:00 / duration 9.000 h with files:
2019-09-06 16:49:03,432 INFO         1_2019-08-21_00.30.00_Z.wav
2019-09-06 16:49:03,432 INFO     Imported recording 1 / PC Recorder 1 / start 2019-08-22 00:30:00+00:00 / duration 9.000 h with files:
2019-09-06 16:49:03,432 INFO         1_2019-08-22_00.30.00_Z.wav
2019-09-06 16:49:03,432 INFO     Imported recording 1 / PC Recorder 1 / start 2019-08-23 00:30:00+00:00 / duration 9.000 h with files:
2019-09-06 16:49:03,432 INFO         1_2019-08-23_00.30.00_Z.wav
2019-09-06 16:49:03,433 INFO     Imported recording 1 / PC Recorder 1 / start 2019-08-24 00:30:00+00:00 / duration 9.000 h with files:
2019-09-06 16:49:03,433 INFO         1_2019-08-24_00.30.00_Z.wav
2019-09-06 16:49:03,433 INFO     Imported recording 1 / PC Recorder 1 / start 2019-08-25 00:30:00+00:00 / duration 8.999 h with files:
2019-09-06 16:49:03,433 INFO         1_2019-08-25_00.30.00_Z.wav
2019-09-06 16:49:03,433 INFO     Imported recording 1 / PC Recorder 1 / start 2019-08-26 00:30:00+00:00 / duration 9.000 h with files:
2019-09-06 16:49:03,433 INFO         1_2019-08-26_00.30.00_Z.wav
2019-09-06 16:49:03,433 INFO     Imported recording 1 / PC Recorder 1 / start 2019-08-31 00:30:00+00:00 / duration 8.999 h with files:
2019-09-06 16:49:03,434 INFO         1_2019-08-31_00.30.00_Z.wav
2019-09-06 16:49:03,434 INFO     Imported recording 1 / PC Recorder 1 / start 2019-09-01 00:30:00+00:00 / duration 8.999 h with files:
2019-09-06 16:49:03,434 INFO         1_2019-09-01_00.30.00_Z.wav
2019-09-06 16:49:03,434 INFO     Imported recording 1 / PC Recorder 1 / start 2019-09-02 00:30:00+00:00 / duration 8.999 h with files:
2019-09-06 16:49:03,434 INFO         1_2019-09-02_00.30.00_Z.wav
2019-09-06 16:49:03,434 INFO     Imported recording 1 / PC Recorder 1 / start 2019-09-03 00:30:00+00:00 / duration 8.999 h with files:
2019-09-06 16:49:03,434 INFO         1_2019-09-03_00.30.00_Z.wav
2019-09-06 16:49:03,434 INFO     Imported recording 1 / PC Recorder 1 / start 2019-09-04 00:30:00+00:00 / duration 8.999 h with files:
2019-09-06 16:49:03,434 INFO         1_2019-09-04_00.30.00_Z.wav
2019-09-06 16:49:03,434 INFO     Imported recording 1 / PC Recorder 1 / start 2019-09-05 00:30:00+00:00 / duration 8.999 h with files:
2019-09-06 16:49:03,434 INFO         1_2019-09-05_00.30.00_Z.wav
2019-09-06 16:49:03,434 INFO     Imported recording 1 / PC Recorder 1 / start 2019-09-06 00:30:00+00:00 / duration 8.999 h with files:
2019-09-06 16:49:03,434 INFO         1_2019-09-06_00.30.00_Z.wav
2019-09-06 16:49:03,458 INFO     Job complete.
